<?xml version="1.0" encoding="UTF-8"?>
<!-- Generated by org.testng.reporters.JUnitXMLReporter -->
<testsuite ignored="4" hostname="DESKTOP-55L81PJ" failures="0" tests="2" name="SmokeTest" time="35.371" errors="0" timestamp="2025-09-18T01:57:14 IST">
  <testcase classname="com.crm.vtiger.products.ProductFlowTest" name="createProductTest" time="13.942"/>
  <testcase classname="com.crm.vtiger.Org.OrgFlowTest" name="createProductTest" time="12.307"/>
  <testcase classname="com.crm.vtiger.products.ProductFlowTest" name="editExistingProductTest" time="0.0">
    <ignored/>
  </testcase> <!-- editExistingProductTest -->
  <testcase classname="com.crm.vtiger.Org.OrgFlowTest" name="editTheExistingOrg" time="0.0">
    <ignored/>
  </testcase> <!-- editTheExistingOrg -->
  <testcase classname="com.crm.vtiger.products.ProductFlowTest" name="deleteExistingProductTest" time="0.0">
    <ignored/>
  </testcase> <!-- deleteExistingProductTest -->
  <testcase classname="com.crm.vtiger.Org.OrgFlowTest" name="deleteTheExistitngOrg" time="0.0">
    <ignored/>
  </testcase> <!-- deleteTheExistitngOrg -->
</testsuite> <!-- SmokeTest -->
