<?xml version="1.0" encoding="UTF-8"?>
<!-- Generated by org.testng.reporters.JUnitXMLReporter -->
<testsuite ignored="0" hostname="DESKTOP-55L81PJ" failures="0" tests="3" name="Default test" time="31.749" errors="0" timestamp="2025-07-06T01:21:34 IST">
  <testcase classname="com.crm.vtiger.Org.CreateAOrg" name="createProductTest" time="8.601"/>
  <testcase classname="com.crm.vtiger.Org.CreateAOrg" name="editTheExistingOrg" time="3.994"/>
  <testcase classname="com.crm.vtiger.Org.CreateAOrg" name="deleteTheExistitngOrg" time="3.636"/>
</testsuite> <!-- Default test -->
