<?xml version="1.0" encoding="UTF-8"?>
<!-- Generated by org.testng.reporters.JUnitXMLReporter -->
<testsuite ignored="0" hostname="DESKTOP-55L81PJ" failures="0" tests="3" name="Default test" time="30.205" errors="0" timestamp="2025-09-19T02:50:42 IST">
  <testcase classname="com.crm.vtiger.products.ProductFlowTest" name="createProductTest" time="11.025"/>
  <testcase classname="com.crm.vtiger.products.ProductFlowTest" name="editExistingProductTest" time="6.332"/>
  <testcase classname="com.crm.vtiger.products.ProductFlowTest" name="deleteExistingProductTest" time="3.591"/>
</testsuite> <!-- Default test -->
