<?xml version="1.0" encoding="UTF-8"?>
<!-- Generated by org.testng.reporters.JUnitXMLReporter -->
<testsuite ignored="0" hostname="DESKTOP-55L81PJ" failures="0" tests="6" name="chrometest" time="173.053" errors="0" timestamp="2025-09-14T01:57:01 IST">
  <testcase classname="com.crm.vtiger.products.CreateAProductTest" name="createProductTest" time="24.202"/>
  <testcase classname="com.crm.vtiger.Org.CreateAOrg" name="createProductTest" time="16.035"/>
  <testcase classname="com.crm.vtiger.products.CreateAProductTest" name="editExistingProductTest" time="11.876"/>
  <testcase classname="com.crm.vtiger.Org.CreateAOrg" name="editTheExistingOrg" time="5.854"/>
  <testcase classname="com.crm.vtiger.products.CreateAProductTest" name="deleteExistingProductTest" time="4.287"/>
  <testcase classname="com.crm.vtiger.Org.CreateAOrg" name="deleteTheExistitngOrg" time="5.669"/>
</testsuite> <!-- chrometest -->
