<?xml version="1.0" encoding="UTF-8"?>
<!-- Generated by org.testng.reporters.JUnitXMLReporter -->
<testsuite ignored="0" hostname="DESKTOP-55L81PJ" failures="0" tests="6" name="edgetest" time="166.828" errors="0" timestamp="2025-09-14T01:56:55 IST">
  <testcase classname="com.crm.vtiger.products.CreateAProductTest" name="createProductTest" time="23.955"/>
  <testcase classname="com.crm.vtiger.Org.CreateAOrg" name="createProductTest" time="16.787"/>
  <testcase classname="com.crm.vtiger.products.CreateAProductTest" name="editExistingProductTest" time="9.762"/>
  <testcase classname="com.crm.vtiger.Org.CreateAOrg" name="editTheExistingOrg" time="6.171"/>
  <testcase classname="com.crm.vtiger.products.CreateAProductTest" name="deleteExistingProductTest" time="3.971"/>
  <testcase classname="com.crm.vtiger.Org.CreateAOrg" name="deleteTheExistitngOrg" time="4.384"/>
</testsuite> <!-- edgetest -->
