<?xml version="1.0" encoding="UTF-8"?>
<!-- Generated by org.testng.reporters.JUnitXMLReporter -->
<testsuite ignored="0" hostname="DESKTOP-55L81PJ" failures="0" tests="3" name="Test" time="46.87" errors="0" timestamp="2025-07-08T00:32:26 IST">
  <testcase classname="com.crm.vtiger.products.CreateAProductTest" name="createProductTest" time="10.57"/>
  <testcase classname="com.crm.vtiger.products.CreateAProductTest" name="editExistingProductTest" time="5.826"/>
  <testcase classname="com.crm.vtiger.products.CreateAProductTest" name="deleteExistingProductTest" time="3.284"/>
</testsuite> <!-- Test -->
