<?xml version="1.0" encoding="UTF-8"?>
<!-- Generated by org.testng.reporters.JUnitXMLReporter -->
<testsuite ignored="0" hostname="DESKTOP-55L81PJ" failures="0" tests="3" name="Test2" time="39.159" errors="0" timestamp="2025-07-08T00:32:19 IST">
  <testcase classname="com.crm.vtiger.Org.CreateAOrg" name="createProductTest" time="9.549"/>
  <testcase classname="com.crm.vtiger.Org.CreateAOrg" name="editTheExistingOrg" time="3.987"/>
  <testcase classname="com.crm.vtiger.Org.CreateAOrg" name="deleteTheExistitngOrg" time="3.178"/>
</testsuite> <!-- Test2 -->
