<?xml version="1.0" encoding="UTF-8"?>
<testng-results ignored="0" total="1" passed="1" failed="0" skipped="0">
  <reporter-output>
  </reporter-output>
  <suite started-at="2025-10-02T00:53:36 IST" name="Default suite" finished-at="2025-10-02T00:54:00 IST" duration-ms="23724">
    <groups>
      <group name="smoke">
        <method signature="OpportunitiesCreateTest.createOpportunityTest(java.lang.String)[pri:1, instance:com.crm.vtiger.opportunities.OpportunitiesCreateTest@54d9d12d]" name="createOpportunityTest" class="com.crm.vtiger.opportunities.OpportunitiesCreateTest"/>
      </group> <!-- smoke -->
      <group name="Opportunities">
        <method signature="OpportunitiesCreateTest.createOpportunityTest(java.lang.String)[pri:1, instance:com.crm.vtiger.opportunities.OpportunitiesCreateTest@54d9d12d]" name="createOpportunityTest" class="com.crm.vtiger.opportunities.OpportunitiesCreateTest"/>
      </group> <!-- Opportunities -->
    </groups>
    <test started-at="2025-10-02T00:53:36 IST" name="Default test" finished-at="2025-10-02T00:54:00 IST" duration-ms="23724">
      <class name="com.crm.vtiger.opportunities.OpportunitiesCreateTest">
        <test-method is-config="true" signature="setUp(java.lang.String,java.lang.String)[pri:0, instance:com.crm.vtiger.opportunities.OpportunitiesCreateTest@54d9d12d]" started-at="2025-10-02T00:53:36 IST" name="setUp" finished-at="2025-10-02T00:53:40 IST" duration-ms="3346" status="PASS">
          <params>
            <param index="0">
              <value>
                <![CDATA[]]>
              </value>
            </param>
            <param index="1">
              <value>
                <![CDATA[]]>
              </value>
            </param>
          </params>
          <reporter-output>
          </reporter-output>
        </test-method> <!-- setUp -->
        <test-method is-config="true" signature="login()[pri:0, instance:com.crm.vtiger.opportunities.OpportunitiesCreateTest@54d9d12d]" started-at="2025-10-02T00:53:40 IST" name="login" finished-at="2025-10-02T00:53:46 IST" duration-ms="5246" status="PASS">
          <reporter-output>
          </reporter-output>
        </test-method> <!-- login -->
        <test-method signature="createOpportunityTest(java.lang.String)[pri:1, instance:com.crm.vtiger.opportunities.OpportunitiesCreateTest@54d9d12d]" started-at="2025-10-02T00:53:46 IST" name="createOpportunityTest" data-provider="oppData" finished-at="2025-10-02T00:53:56 IST" duration-ms="10061" status="PASS">
          <params>
            <param index="0">
              <value>
                <![CDATA[AsiaCup]]>
              </value>
            </param>
          </params>
          <reporter-output>
          </reporter-output>
        </test-method> <!-- createOpportunityTest -->
        <test-method is-config="true" signature="cleanUP()[pri:0, instance:com.crm.vtiger.opportunities.OpportunitiesCreateTest@54d9d12d]" started-at="2025-10-02T00:53:56 IST" name="cleanUP" finished-at="2025-10-02T00:53:56 IST" duration-ms="167" status="PASS">
          <reporter-output>
          </reporter-output>
        </test-method> <!-- cleanUP -->
        <test-method is-config="true" signature="logOutFromVtiger()[pri:0, instance:com.crm.vtiger.opportunities.OpportunitiesCreateTest@54d9d12d]" started-at="2025-10-02T00:53:56 IST" name="logOutFromVtiger" finished-at="2025-10-02T00:53:59 IST" duration-ms="2992" status="PASS">
          <reporter-output>
          </reporter-output>
        </test-method> <!-- logOutFromVtiger -->
        <test-method is-config="true" signature="tearDown()[pri:0, instance:com.crm.vtiger.opportunities.OpportunitiesCreateTest@54d9d12d]" started-at="2025-10-02T00:53:59 IST" name="tearDown" finished-at="2025-10-02T00:54:00 IST" duration-ms="1020" status="PASS">
          <reporter-output>
          </reporter-output>
        </test-method> <!-- tearDown -->
      </class> <!-- com.crm.vtiger.opportunities.OpportunitiesCreateTest -->
    </test> <!-- Default test -->
  </suite> <!-- Default suite -->
</testng-results>
